{"C:\\Users\\Daniel\\Dev\\alphaTab\\src\\alphatab.ts": {"path":"C:\\Users\\Daniel\\Dev\\alphaTab\\src\\alphatab.ts","statementMap":{"0":{"start":{"line":3,"column":0},"end":{"line":3,"column":65}},"1":{"start":{"line":5,"column":0},"end":{"line":5,"column":72}},"2":{"start":{"line":6,"column":0},"end":{"line":6,"column":68}},"3":{"start":{"line":7,"column":0},"end":{"line":7,"column":60}},"4":{"start":{"line":8,"column":0},"end":{"line":8,"column":64}},"5":{"start":{"line":9,"column":0},"end":{"line":9,"column":46}},"6":{"start":{"line":10,"column":0},"end":{"line":10,"column":48}},"7":{"start":{"line":11,"column":0},"end":{"line":11,"column":58}},"8":{"start":{"line":12,"column":0},"end":{"line":12,"column":58}},"9":{"start":{"line":13,"column":0},"end":{"line":13,"column":56}},"10":{"start":{"line":14,"column":0},"end":{"line":14,"column":58}},"11":{"start":{"line":15,"column":0},"end":{"line":15,"column":50}},"12":{"start":{"line":16,"column":0},"end":{"line":16,"column":48}},"13":{"start":{"line":17,"column":0},"end":{"line":17,"column":66}},"14":{"start":{"line":18,"column":0},"end":{"line":18,"column":56}},"15":{"start":{"line":19,"column":0},"end":{"line":19,"column":64}},"16":{"start":{"line":20,"column":0},"end":{"line":20,"column":54}},"17":{"start":{"line":21,"column":0},"end":{"line":21,"column":62}},"18":{"start":{"line":22,"column":0},"end":{"line":22,"column":54}},"19":{"start":{"line":23,"column":0},"end":{"line":23,"column":58}},"20":{"start":{"line":24,"column":0},"end":{"line":24,"column":64}},"21":{"start":{"line":25,"column":0},"end":{"line":25,"column":66}},"22":{"start":{"line":26,"column":0},"end":{"line":26,"column":64}},"23":{"start":{"line":27,"column":0},"end":{"line":27,"column":72}},"24":{"start":{"line":28,"column":0},"end":{"line":28,"column":52}},"25":{"start":{"line":29,"column":0},"end":{"line":29,"column":76}},"26":{"start":{"line":30,"column":0},"end":{"line":30,"column":58}},"27":{"start":{"line":31,"column":0},"end":{"line":31,"column":60}},"28":{"start":{"line":32,"column":0},"end":{"line":32,"column":48}},"29":{"start":{"line":33,"column":0},"end":{"line":33,"column":76}},"30":{"start":{"line":34,"column":0},"end":{"line":34,"column":54}},"31":{"start":{"line":35,"column":0},"end":{"line":35,"column":60}},"32":{"start":{"line":36,"column":0},"end":{"line":36,"column":78}},"33":{"start":{"line":37,"column":0},"end":{"line":37,"column":72}},"34":{"start":{"line":38,"column":0},"end":{"line":38,"column":62}},"35":{"start":{"line":39,"column":0},"end":{"line":39,"column":50}},"36":{"start":{"line":40,"column":0},"end":{"line":40,"column":54}},"37":{"start":{"line":41,"column":0},"end":{"line":41,"column":60}},"38":{"start":{"line":42,"column":0},"end":{"line":42,"column":62}},"39":{"start":{"line":43,"column":0},"end":{"line":43,"column":64}},"40":{"start":{"line":44,"column":0},"end":{"line":44,"column":50}},"41":{"start":{"line":45,"column":0},"end":{"line":45,"column":50}},"42":{"start":{"line":46,"column":0},"end":{"line":46,"column":62}},"43":{"start":{"line":47,"column":0},"end":{"line":47,"column":52}},"44":{"start":{"line":48,"column":0},"end":{"line":48,"column":74}},"45":{"start":{"line":49,"column":0},"end":{"line":49,"column":64}},"46":{"start":{"line":50,"column":0},"end":{"line":50,"column":62}},"47":{"start":{"line":51,"column":0},"end":{"line":51,"column":62}},"48":{"start":{"line":52,"column":0},"end":{"line":52,"column":50}},"49":{"start":{"line":53,"column":0},"end":{"line":53,"column":60}},"50":{"start":{"line":55,"column":0},"end":{"line":55,"column":76}},"51":{"start":{"line":57,"column":0},"end":{"line":57,"column":59}},"52":{"start":{"line":58,"column":0},"end":{"line":58,"column":57}},"53":{"start":{"line":59,"column":0},"end":{"line":59,"column":67}},"54":{"start":{"line":60,"column":0},"end":{"line":60,"column":67}},"55":{"start":{"line":61,"column":0},"end":{"line":61,"column":73}},"56":{"start":{"line":64,"column":0},"end":{"line":64,"column":9}},"57":{"start":{"line":86,"column":4},"end":{"line":64,"column":68}},"58":{"start":{"line":65,"column":0},"end":{"line":65,"column":9}},"59":{"start":{"line":87,"column":4},"end":{"line":65,"column":58}},"60":{"start":{"line":66,"column":0},"end":{"line":66,"column":9}},"61":{"start":{"line":88,"column":4},"end":{"line":66,"column":64}},"62":{"start":{"line":67,"column":0},"end":{"line":67,"column":9}},"63":{"start":{"line":89,"column":4},"end":{"line":67,"column":56}},"64":{"start":{"line":68,"column":0},"end":{"line":68,"column":9}},"65":{"start":{"line":90,"column":4},"end":{"line":68,"column":60}},"66":{"start":{"line":69,"column":0},"end":{"line":69,"column":9}},"67":{"start":{"line":91,"column":4},"end":{"line":69,"column":66}},"68":{"start":{"line":70,"column":0},"end":{"line":70,"column":9}},"69":{"start":{"line":92,"column":4},"end":{"line":70,"column":54}},"70":{"start":{"line":71,"column":0},"end":{"line":71,"column":9}},"71":{"start":{"line":93,"column":4},"end":{"line":71,"column":58}},"72":{"start":{"line":72,"column":0},"end":{"line":72,"column":9}},"73":{"start":{"line":94,"column":4},"end":{"line":72,"column":66}},"74":{"start":{"line":73,"column":0},"end":{"line":73,"column":9}},"75":{"start":{"line":95,"column":4},"end":{"line":73,"column":62}},"76":{"start":{"line":74,"column":0},"end":{"line":74,"column":9}},"77":{"start":{"line":96,"column":4},"end":{"line":74,"column":68}},"78":{"start":{"line":75,"column":0},"end":{"line":75,"column":9}},"79":{"start":{"line":97,"column":4},"end":{"line":75,"column":70}},"80":{"start":{"line":76,"column":0},"end":{"line":76,"column":9}},"81":{"start":{"line":98,"column":4},"end":{"line":76,"column":64}},"82":{"start":{"line":77,"column":0},"end":{"line":77,"column":9}},"83":{"start":{"line":99,"column":4},"end":{"line":77,"column":54}},"84":{"start":{"line":78,"column":0},"end":{"line":78,"column":9}},"85":{"start":{"line":100,"column":4},"end":{"line":78,"column":60}},"86":{"start":{"line":79,"column":0},"end":{"line":79,"column":9}},"87":{"start":{"line":101,"column":4},"end":{"line":79,"column":50}},"88":{"start":{"line":80,"column":0},"end":{"line":80,"column":9}},"89":{"start":{"line":102,"column":4},"end":{"line":80,"column":58}},"90":{"start":{"line":81,"column":0},"end":{"line":81,"column":9}},"91":{"start":{"line":103,"column":4},"end":{"line":81,"column":60}},"92":{"start":{"line":82,"column":0},"end":{"line":82,"column":9}},"93":{"start":{"line":104,"column":4},"end":{"line":82,"column":80}},"94":{"start":{"line":107,"column":13},"end":{"line":109,"column":2}},"95":{"start":{"line":111,"column":13},"end":{"line":161,"column":2}},"96":{"start":{"line":163,"column":13},"end":{"line":174,"column":2}}},"fnMap":{},"branchMap":{},"s":{"0":0,"1":0,"2":0,"3":0,"4":0,"5":0,"6":0,"7":0,"8":0,"9":0,"10":0,"11":0,"12":0,"13":0,"14":0,"15":0,"16":0,"17":0,"18":0,"19":0,"20":0,"21":0,"22":0,"23":0,"24":0,"25":0,"26":0,"27":0,"28":0,"29":0,"30":0,"31":0,"32":0,"33":0,"34":0,"35":0,"36":0,"37":0,"38":0,"39":0,"40":0,"41":0,"42":0,"43":0,"44":0,"45":0,"46":0,"47":0,"48":0,"49":0,"50":0,"51":0,"52":0,"53":0,"54":0,"55":0,"56":0,"57":0,"58":0,"59":0,"60":0,"61":0,"62":0,"63":0,"64":0,"65":0,"66":0,"67":0,"68":0,"69":0,"70":0,"71":0,"72":0,"73":0,"74":0,"75":0,"76":0,"77":0,"78":0,"79":0,"80":0,"81":0,"82":0,"83":0,"84":0,"85":0,"86":0,"87":0,"88":0,"89":0,"90":0,"91":0,"92":0,"93":0,"94":0,"95":0,"96":0},"f":{},"b":{}}
,"C:\\Users\\Daniel\\Dev\\alphaTab\\src\\phase.ts": {"path":"C:\\Users\\Daniel\\Dev\\alphaTab\\src\\phase.ts","statementMap":{"0":{"start":{"line":4,"column":0},"end":{"line":4,"column":59}},"1":{"start":{"line":6,"column":0},"end":{"line":6,"column":null}},"2":{"start":{"line":8,"column":8},"end":{"line":8,"column":36}},"3":{"start":{"line":7,"column":20},"end":{"line":9,"column":null}},"4":{"start":{"line":12,"column":0},"end":{"line":12,"column":null}},"5":{"start":{"line":14,"column":8},"end":{"line":14,"column":34}},"6":{"start":{"line":13,"column":20},"end":{"line":15,"column":null}},"7":{"start":{"line":17,"column":8},"end":{"line":17,"column":18}},"8":{"start":{"line":16,"column":20},"end":{"line":18,"column":null}},"9":{"start":{"line":20,"column":8},"end":{"line":20,"column":31}},"10":{"start":{"line":19,"column":20},"end":{"line":21,"column":null}},"11":{"start":{"line":23,"column":34},"end":{"line":23,"column":36}},"12":{"start":{"line":24,"column":23},"end":{"line":24,"column":24}},"13":{"start":{"line":25,"column":8},"end":{"line":37,"column":null}},"14":{"start":{"line":25,"column":21},"end":{"line":25,"column":22}},"15":{"start":{"line":26,"column":21},"end":{"line":26,"column":36}},"16":{"start":{"line":27,"column":12},"end":{"line":36,"column":null}},"17":{"start":{"line":28,"column":29},"end":{"line":28,"column":30}},"18":{"start":{"line":29,"column":16},"end":{"line":34,"column":null}},"19":{"start":{"line":30,"column":20},"end":{"line":30,"column":37}},"20":{"start":{"line":33,"column":20},"end":{"line":33,"column":64}},"21":{"start":{"line":35,"column":16},"end":{"line":35,"column":33}},"22":{"start":{"line":38,"column":8},"end":{"line":40,"column":null}},"23":{"start":{"line":39,"column":12},"end":{"line":39,"column":58}},"24":{"start":{"line":41,"column":8},"end":{"line":41,"column":23}},"25":{"start":{"line":22,"column":20},"end":{"line":42,"column":null}},"26":{"start":{"line":43,"column":43},"end":{"line":43,"column":57}},"27":{"start":{"line":44,"column":8},"end":{"line":46,"column":null}},"28":{"start":{"line":45,"column":12},"end":{"line":45,"column":27}},"29":{"start":{"line":48,"column":17},"end":{"line":48,"column":19}},"30":{"start":{"line":51,"column":26},"end":{"line":51,"column":27}},"31":{"start":{"line":52,"column":26},"end":{"line":52,"column":39}},"32":{"start":{"line":53,"column":25},"end":{"line":53,"column":27}},"33":{"start":{"line":54,"column":42},"end":{"line":54,"column":46}},"34":{"start":{"line":56,"column":8},"end":{"line":240,"column":null}},"35":{"start":{"line":57,"column":12},"end":{"line":87,"column":null}},"36":{"start":{"line":58,"column":16},"end":{"line":58,"column":40}},"37":{"start":{"line":59,"column":16},"end":{"line":59,"column":22}},"38":{"start":{"line":62,"column":16},"end":{"line":71,"column":null}},"39":{"start":{"line":64,"column":20},"end":{"line":70,"column":null}},"40":{"start":{"line":65,"column":24},"end":{"line":65,"column":30}},"41":{"start":{"line":69,"column":24},"end":{"line":69,"column":93}},"42":{"start":{"line":74,"column":16},"end":{"line":84,"column":null}},"43":{"start":{"line":76,"column":20},"end":{"line":83,"column":null}},"44":{"start":{"line":77,"column":24},"end":{"line":77,"column":30}},"45":{"start":{"line":81,"column":24},"end":{"line":81,"column":30}},"46":{"start":{"line":82,"column":24},"end":{"line":82,"column":30}},"47":{"start":{"line":86,"column":16},"end":{"line":86,"column":25}},"48":{"start":{"line":93,"column":12},"end":{"line":93,"column":34}},"49":{"start":{"line":93,"column":28},"end":{"line":93,"column":34}},"50":{"start":{"line":99,"column":12},"end":{"line":99,"column":18}},"51":{"start":{"line":102,"column":12},"end":{"line":104,"column":null}},"52":{"start":{"line":103,"column":16},"end":{"line":103,"column":85}},"53":{"start":{"line":106,"column":32},"end":{"line":106,"column":33}},"54":{"start":{"line":107,"column":12},"end":{"line":116,"column":64}},"55":{"start":{"line":108,"column":16},"end":{"line":108,"column":74}},"56":{"start":{"line":109,"column":16},"end":{"line":109,"column":22}},"57":{"start":{"line":111,"column":16},"end":{"line":113,"column":null}},"58":{"start":{"line":112,"column":20},"end":{"line":112,"column":89}},"59":{"start":{"line":114,"column":16},"end":{"line":114,"column":40}},"60":{"start":{"line":119,"column":12},"end":{"line":121,"column":null}},"61":{"start":{"line":120,"column":16},"end":{"line":120,"column":101}},"62":{"start":{"line":124,"column":12},"end":{"line":124,"column":72}},"63":{"start":{"line":124,"column":66},"end":{"line":124,"column":72}},"64":{"start":{"line":131,"column":30},"end":{"line":131,"column":35}},"65":{"start":{"line":132,"column":32},"end":{"line":132,"column":33}},"66":{"start":{"line":134,"column":12},"end":{"line":166,"column":null}},"67":{"start":{"line":135,"column":16},"end":{"line":135,"column":22}},"68":{"start":{"line":138,"column":16},"end":{"line":138,"column":69}},"69":{"start":{"line":138,"column":63},"end":{"line":138,"column":69}},"70":{"start":{"line":141,"column":16},"end":{"line":141,"column":101}},"71":{"start":{"line":141,"column":32},"end":{"line":141,"column":101}},"72":{"start":{"line":144,"column":16},"end":{"line":144,"column":40}},"73":{"start":{"line":145,"column":16},"end":{"line":152,"column":null}},"74":{"start":{"line":147,"column":20},"end":{"line":147,"column":39}},"75":{"start":{"line":148,"column":20},"end":{"line":148,"column":26}},"76":{"start":{"line":150,"column":20},"end":{"line":150,"column":105}},"77":{"start":{"line":150,"column":36},"end":{"line":150,"column":105}},"78":{"start":{"line":151,"column":20},"end":{"line":151,"column":44}},"79":{"start":{"line":155,"column":16},"end":{"line":155,"column":111}},"80":{"start":{"line":155,"column":42},"end":{"line":155,"column":111}},"81":{"start":{"line":157,"column":16},"end":{"line":164,"column":67}},"82":{"start":{"line":158,"column":20},"end":{"line":158,"column":78}},"83":{"start":{"line":159,"column":20},"end":{"line":159,"column":26}},"84":{"start":{"line":161,"column":20},"end":{"line":161,"column":105}},"85":{"start":{"line":161,"column":36},"end":{"line":161,"column":105}},"86":{"start":{"line":162,"column":20},"end":{"line":162,"column":44}},"87":{"start":{"line":169,"column":12},"end":{"line":169,"column":72}},"88":{"start":{"line":169,"column":66},"end":{"line":169,"column":72}},"89":{"start":{"line":174,"column":22},"end":{"line":174,"column":33}},"90":{"start":{"line":175,"column":37},"end":{"line":175,"column":41}},"91":{"start":{"line":178,"column":12},"end":{"line":229,"column":null}},"92":{"start":{"line":179,"column":16},"end":{"line":179,"column":22}},"93":{"start":{"line":180,"column":39},"end":{"line":180,"column":42}},"94":{"start":{"line":182,"column":16},"end":{"line":217,"column":null}},"95":{"start":{"line":184,"column":20},"end":{"line":184,"column":105}},"96":{"start":{"line":184,"column":36},"end":{"line":184,"column":105}},"97":{"start":{"line":185,"column":20},"end":{"line":185,"column":44}},"98":{"start":{"line":186,"column":20},"end":{"line":186,"column":26}},"99":{"start":{"line":189,"column":20},"end":{"line":216,"column":null}},"100":{"start":{"line":190,"column":24},"end":{"line":207,"column":null}},"101":{"start":{"line":192,"column":28},"end":{"line":196,"column":101}},"102":{"start":{"line":193,"column":32},"end":{"line":193,"column":38}},"103":{"start":{"line":196,"column":32},"end":{"line":196,"column":101}},"104":{"start":{"line":200,"column":28},"end":{"line":206,"column":null}},"105":{"start":{"line":201,"column":32},"end":{"line":201,"column":38}},"106":{"start":{"line":204,"column":32},"end":{"line":204,"column":38}},"107":{"start":{"line":205,"column":32},"end":{"line":205,"column":38}},"108":{"start":{"line":211,"column":24},"end":{"line":213,"column":null}},"109":{"start":{"line":212,"column":28},"end":{"line":212,"column":53}},"110":{"start":{"line":214,"column":24},"end":{"line":214,"column":96}},"111":{"start":{"line":215,"column":24},"end":{"line":215,"column":39}},"112":{"start":{"line":219,"column":16},"end":{"line":228,"column":null}},"113":{"start":{"line":220,"column":20},"end":{"line":222,"column":null}},"114":{"start":{"line":221,"column":24},"end":{"line":221,"column":80}},"115":{"start":{"line":225,"column":20},"end":{"line":225,"column":88}},"116":{"start":{"line":226,"column":20},"end":{"line":226,"column":53}},"117":{"start":{"line":227,"column":20},"end":{"line":227,"column":45}},"118":{"start":{"line":232,"column":12},"end":{"line":232,"column":96}},"119":{"start":{"line":232,"column":27},"end":{"line":232,"column":96}},"120":{"start":{"line":235,"column":12},"end":{"line":235,"column":18}},"121":{"start":{"line":238,"column":28},"end":{"line":238,"column":42}},"122":{"start":{"line":239,"column":12},"end":{"line":239,"column":20}},"123":{"start":{"line":242,"column":8},"end":{"line":242,"column":18}},"124":{"start":{"line":43,"column":20},"end":{"line":243,"column":null}},"125":{"start":{"line":245,"column":8},"end":{"line":245,"column":31}},"126":{"start":{"line":244,"column":20},"end":{"line":246,"column":null}},"127":{"start":{"line":248,"column":8},"end":{"line":250,"column":null}},"128":{"start":{"line":249,"column":12},"end":{"line":249,"column":51}},"129":{"start":{"line":252,"column":16},"end":{"line":252,"column":18}},"130":{"start":{"line":253,"column":16},"end":{"line":253,"column":17}},"131":{"start":{"line":254,"column":8},"end":{"line":258,"column":null}},"132":{"start":{"line":254,"column":22},"end":{"line":254,"column":29}},"133":{"start":{"line":254,"column":27},"end":{"line":254,"column":29}},"134":{"start":{"line":254,"column":18},"end":{"line":254,"column":22}},"135":{"start":{"line":255,"column":12},"end":{"line":255,"column":32}},"136":{"start":{"line":255,"column":23},"end":{"line":255,"column":32}},"137":{"start":{"line":256,"column":12},"end":{"line":256,"column":19}},"138":{"start":{"line":257,"column":12},"end":{"line":257,"column":16}},"139":{"start":{"line":259,"column":8},"end":{"line":259,"column":17}},"140":{"start":{"line":247,"column":20},"end":{"line":260,"column":null}},"141":{"start":{"line":280,"column":0},"end":{"line":280,"column":52}},"142":{"start":{"line":280,"column":29},"end":{"line":280,"column":52}},"143":{"start":{"line":281,"column":0},"end":{"line":281,"column":52}},"144":{"start":{"line":281,"column":29},"end":{"line":281,"column":52}},"145":{"start":{"line":282,"column":0},"end":{"line":282,"column":56}},"146":{"start":{"line":282,"column":31},"end":{"line":282,"column":56}},"147":{"start":{"line":283,"column":0},"end":{"line":283,"column":52}},"148":{"start":{"line":283,"column":29},"end":{"line":283,"column":52}},"149":{"start":{"line":285,"column":39},"end":{"line":285,"column":57}},"150":{"start":{"line":286,"column":18},"end":{"line":286,"column":49}},"151":{"start":{"line":288,"column":0},"end":{"line":288,"column":null}},"152":{"start":{"line":290,"column":8},"end":{"line":290,"column":28}},"153":{"start":{"line":289,"column":20},"end":{"line":291,"column":null}},"154":{"start":{"line":293,"column":8},"end":{"line":293,"column":39}},"155":{"start":{"line":294,"column":8},"end":{"line":294,"column":37}},"156":{"start":{"line":292,"column":20},"end":{"line":295,"column":null}},"157":{"start":{"line":297,"column":8},"end":{"line":297,"column":39}},"158":{"start":{"line":298,"column":8},"end":{"line":298,"column":36}},"159":{"start":{"line":296,"column":20},"end":{"line":299,"column":null}},"160":{"start":{"line":301,"column":8},"end":{"line":301,"column":39}},"161":{"start":{"line":302,"column":8},"end":{"line":302,"column":43}},"162":{"start":{"line":300,"column":20},"end":{"line":303,"column":null}},"163":{"start":{"line":305,"column":8},"end":{"line":305,"column":39}},"164":{"start":{"line":306,"column":8},"end":{"line":306,"column":44}},"165":{"start":{"line":304,"column":20},"end":{"line":307,"column":null}},"166":{"start":{"line":309,"column":8},"end":{"line":309,"column":39}},"167":{"start":{"line":310,"column":8},"end":{"line":310,"column":44}},"168":{"start":{"line":308,"column":20},"end":{"line":311,"column":null}},"169":{"start":{"line":313,"column":8},"end":{"line":313,"column":17}},"170":{"start":{"line":312,"column":20},"end":{"line":314,"column":null}},"171":{"start":{"line":316,"column":8},"end":{"line":316,"column":17}},"172":{"start":{"line":315,"column":20},"end":{"line":317,"column":null}},"173":{"start":{"line":319,"column":0},"end":{"line":319,"column":null}},"174":{"start":{"line":320,"column":49},"end":{"line":320,"column":58}},"175":{"start":{"line":320,"column":20},"end":{"line":320,"column":null}},"176":{"start":{"line":322,"column":8},"end":{"line":322,"column":40}},"177":{"start":{"line":323,"column":8},"end":{"line":323,"column":43}},"178":{"start":{"line":321,"column":20},"end":{"line":324,"column":null}},"179":{"start":{"line":326,"column":0},"end":{"line":326,"column":null}},"180":{"start":{"line":327,"column":48},"end":{"line":327,"column":85}},"181":{"start":{"line":327,"column":20},"end":{"line":327,"column":null}},"182":{"start":{"line":328,"column":49},"end":{"line":328,"column":62}},"183":{"start":{"line":328,"column":20},"end":{"line":328,"column":null}},"184":{"start":{"line":331,"column":0},"end":{"line":331,"column":null}},"185":{"start":{"line":332,"column":50},"end":{"line":332,"column":70}},"186":{"start":{"line":332,"column":20},"end":{"line":332,"column":null}},"187":{"start":{"line":333,"column":48},"end":{"line":333,"column":85}},"188":{"start":{"line":333,"column":20},"end":{"line":333,"column":null}},"189":{"start":{"line":334,"column":49},"end":{"line":334,"column":62}},"190":{"start":{"line":334,"column":20},"end":{"line":334,"column":null}},"191":{"start":{"line":335,"column":48},"end":{"line":335,"column":64}},"192":{"start":{"line":335,"column":20},"end":{"line":335,"column":null}},"193":{"start":{"line":337,"column":0},"end":{"line":337,"column":null}},"194":{"start":{"line":338,"column":49},"end":{"line":338,"column":58}},"195":{"start":{"line":338,"column":20},"end":{"line":338,"column":null}},"196":{"start":{"line":340,"column":8},"end":{"line":340,"column":39}},"197":{"start":{"line":341,"column":8},"end":{"line":341,"column":44}},"198":{"start":{"line":339,"column":20},"end":{"line":342,"column":null}},"199":{"start":{"line":344,"column":0},"end":{"line":344,"column":null}},"200":{"start":{"line":345,"column":49},"end":{"line":345,"column":58}},"201":{"start":{"line":345,"column":20},"end":{"line":345,"column":null}},"202":{"start":{"line":346,"column":50},"end":{"line":346,"column":59}},"203":{"start":{"line":346,"column":20},"end":{"line":346,"column":null}},"204":{"start":{"line":348,"column":8},"end":{"line":348,"column":40}},"205":{"start":{"line":349,"column":8},"end":{"line":349,"column":43}},"206":{"start":{"line":347,"column":20},"end":{"line":350,"column":null}},"207":{"start":{"line":353,"column":0},"end":{"line":353,"column":null}},"208":{"start":{"line":354,"column":49},"end":{"line":354,"column":58}},"209":{"start":{"line":354,"column":20},"end":{"line":354,"column":null}},"210":{"start":{"line":356,"column":8},"end":{"line":356,"column":17}},"211":{"start":{"line":355,"column":20},"end":{"line":357,"column":null}},"212":{"start":{"line":360,"column":0},"end":{"line":360,"column":null}},"213":{"start":{"line":361,"column":49},"end":{"line":361,"column":58}},"214":{"start":{"line":361,"column":20},"end":{"line":361,"column":null}},"215":{"start":{"line":362,"column":48},"end":{"line":362,"column":81}},"216":{"start":{"line":362,"column":20},"end":{"line":362,"column":null}},"217":{"start":{"line":365,"column":0},"end":{"line":365,"column":null}},"218":{"start":{"line":367,"column":8},"end":{"line":367,"column":28}},"219":{"start":{"line":366,"column":20},"end":{"line":368,"column":null}},"220":{"start":{"line":370,"column":8},"end":{"line":372,"column":null}},"221":{"start":{"line":371,"column":12},"end":{"line":371,"column":26}},"222":{"start":{"line":374,"column":42},"end":{"line":374,"column":50}},"223":{"start":{"line":375,"column":8},"end":{"line":377,"column":null}},"224":{"start":{"line":376,"column":12},"end":{"line":376,"column":38}},"225":{"start":{"line":379,"column":8},"end":{"line":381,"column":null}},"226":{"start":{"line":380,"column":12},"end":{"line":380,"column":40}},"227":{"start":{"line":382,"column":8},"end":{"line":382,"column":22}},"228":{"start":{"line":369,"column":20},"end":{"line":383,"column":null}},"229":{"start":{"line":386,"column":8},"end":{"line":386,"column":22}},"230":{"start":{"line":385,"column":20},"end":{"line":387,"column":null}},"231":{"start":{"line":390,"column":8},"end":{"line":390,"column":29}},"232":{"start":{"line":389,"column":20},"end":{"line":391,"column":null}},"233":{"start":{"line":394,"column":0},"end":{"line":394,"column":null}},"234":{"start":{"line":396,"column":8},"end":{"line":396,"column":17}},"235":{"start":{"line":395,"column":20},"end":{"line":397,"column":null}},"236":{"start":{"line":400,"column":0},"end":{"line":400,"column":13}},"237":{"start":{"line":404,"column":8},"end":{"line":404,"column":29}},"238":{"start":{"line":407,"column":11},"end":{"line":411,"column":null}},"239":{"start":{"line":408,"column":8},"end":{"line":410,"column":null}},"240":{"start":{"line":408,"column":22},"end":{"line":408,"column":39}},"241":{"start":{"line":408,"column":37},"end":{"line":408,"column":39}},"242":{"start":{"line":408,"column":18},"end":{"line":408,"column":22}},"243":{"start":{"line":409,"column":12},"end":{"line":409,"column":16}},"244":{"start":{"line":413,"column":18},"end":{"line":419,"column":null}},"245":{"start":{"line":414,"column":8},"end":{"line":416,"column":null}},"246":{"start":{"line":415,"column":12},"end":{"line":415,"column":34}},"247":{"start":{"line":417,"column":8},"end":{"line":417,"column":29}},"248":{"start":{"line":418,"column":8},"end":{"line":418,"column":17}},"249":{"start":{"line":421,"column":18},"end":{"line":434,"column":null}},"250":{"start":{"line":422,"column":8},"end":{"line":424,"column":null}},"251":{"start":{"line":423,"column":12},"end":{"line":423,"column":24}},"252":{"start":{"line":426,"column":22},"end":{"line":426,"column":45}},"253":{"start":{"line":427,"column":8},"end":{"line":432,"column":null}},"254":{"start":{"line":428,"column":12},"end":{"line":428,"column":42}},"255":{"start":{"line":429,"column":12},"end":{"line":431,"column":null}},"256":{"start":{"line":430,"column":16},"end":{"line":430,"column":28}},"257":{"start":{"line":433,"column":8},"end":{"line":433,"column":17}},"258":{"start":{"line":435,"column":0},"end":{"line":435,"column":null}},"259":{"start":{"line":400,"column":13},"end":{"line":400,"column":24}},"260":{"start":{"line":438,"column":0},"end":{"line":438,"column":13}},"261":{"start":{"line":442,"column":8},"end":{"line":442,"column":29}},"262":{"start":{"line":445,"column":11},"end":{"line":449,"column":null}},"263":{"start":{"line":446,"column":8},"end":{"line":448,"column":null}},"264":{"start":{"line":446,"column":22},"end":{"line":446,"column":39}},"265":{"start":{"line":446,"column":37},"end":{"line":446,"column":39}},"266":{"start":{"line":446,"column":18},"end":{"line":446,"column":22}},"267":{"start":{"line":447,"column":12},"end":{"line":447,"column":19}},"268":{"start":{"line":451,"column":18},"end":{"line":457,"column":null}},"269":{"start":{"line":452,"column":8},"end":{"line":454,"column":null}},"270":{"start":{"line":453,"column":12},"end":{"line":453,"column":39}},"271":{"start":{"line":455,"column":8},"end":{"line":455,"column":29}},"272":{"start":{"line":456,"column":8},"end":{"line":456,"column":17}},"273":{"start":{"line":459,"column":18},"end":{"line":472,"column":null}},"274":{"start":{"line":460,"column":8},"end":{"line":462,"column":null}},"275":{"start":{"line":461,"column":12},"end":{"line":461,"column":24}},"276":{"start":{"line":464,"column":22},"end":{"line":464,"column":45}},"277":{"start":{"line":465,"column":8},"end":{"line":470,"column":null}},"278":{"start":{"line":466,"column":12},"end":{"line":466,"column":42}},"279":{"start":{"line":467,"column":12},"end":{"line":469,"column":null}},"280":{"start":{"line":468,"column":16},"end":{"line":468,"column":28}},"281":{"start":{"line":471,"column":8},"end":{"line":471,"column":17}},"282":{"start":{"line":473,"column":0},"end":{"line":473,"column":null}},"283":{"start":{"line":438,"column":13},"end":{"line":438,"column":25}},"284":{"start":{"line":475,"column":0},"end":{"line":475,"column":13}},"285":{"start":{"line":479,"column":8},"end":{"line":479,"column":29}},"286":{"start":{"line":482,"column":11},"end":{"line":486,"column":null}},"287":{"start":{"line":483,"column":8},"end":{"line":485,"column":null}},"288":{"start":{"line":483,"column":22},"end":{"line":483,"column":39}},"289":{"start":{"line":483,"column":37},"end":{"line":483,"column":39}},"290":{"start":{"line":483,"column":18},"end":{"line":483,"column":22}},"291":{"start":{"line":484,"column":12},"end":{"line":484,"column":26}},"292":{"start":{"line":488,"column":18},"end":{"line":494,"column":null}},"293":{"start":{"line":489,"column":8},"end":{"line":491,"column":null}},"294":{"start":{"line":490,"column":12},"end":{"line":490,"column":43}},"295":{"start":{"line":492,"column":8},"end":{"line":492,"column":29}},"296":{"start":{"line":493,"column":8},"end":{"line":493,"column":17}},"297":{"start":{"line":496,"column":18},"end":{"line":509,"column":null}},"298":{"start":{"line":497,"column":8},"end":{"line":499,"column":null}},"299":{"start":{"line":498,"column":12},"end":{"line":498,"column":24}},"300":{"start":{"line":501,"column":22},"end":{"line":501,"column":45}},"301":{"start":{"line":502,"column":8},"end":{"line":507,"column":null}},"302":{"start":{"line":503,"column":12},"end":{"line":503,"column":42}},"303":{"start":{"line":504,"column":12},"end":{"line":506,"column":null}},"304":{"start":{"line":505,"column":16},"end":{"line":505,"column":28}},"305":{"start":{"line":508,"column":8},"end":{"line":508,"column":17}},"306":{"start":{"line":510,"column":0},"end":{"line":510,"column":null}},"307":{"start":{"line":475,"column":13},"end":{"line":475,"column":25}}},"fnMap":{"0":{"name":"(anonymous_2)","decl":{"start":{"line":6,"column":0},"end":{"line":6,"column":17}},"loc":{"start":{"line":6,"column":27},"end":{"line":10,"column":1}}},"1":{"name":"empty","decl":{"start":{"line":7,"column":20},"end":{"line":7,"column":25}},"loc":{"start":{"line":7,"column":43},"end":{"line":9,"column":5}}},"2":{"name":"(anonymous_4)","decl":{"start":{"line":12,"column":0},"end":{"line":12,"column":17}},"loc":{"start":{"line":12,"column":33},"end":{"line":261,"column":1}}},"3":{"name":"contains","decl":{"start":{"line":13,"column":20},"end":{"line":13,"column":28}},"loc":{"start":{"line":13,"column":49},"end":{"line":15,"column":5}}},"4":{"name":"isNullOrEmpty","decl":{"start":{"line":16,"column":20},"end":{"line":16,"column":33}},"loc":{"start":{"line":16,"column":43},"end":{"line":18,"column":5}}},"5":{"name":"isNullOrWhiteSpace","decl":{"start":{"line":19,"column":20},"end":{"line":19,"column":38}},"loc":{"start":{"line":19,"column":48},"end":{"line":21,"column":5}}},"6":{"name":"split_numberArray","decl":{"start":{"line":22,"column":20},"end":{"line":22,"column":37}},"loc":{"start":{"line":22,"column":64},"end":{"line":42,"column":5}}},"7":{"name":"format","decl":{"start":{"line":43,"column":20},"end":{"line":43,"column":26}},"loc":{"start":{"line":43,"column":41},"end":{"line":243,"column":5}}},"8":{"name":"join_string_stringArray","decl":{"start":{"line":244,"column":20},"end":{"line":244,"column":43}},"loc":{"start":{"line":244,"column":72},"end":{"line":246,"column":5}}},"9":{"name":"join_string_IEnumerable_T1","decl":{"start":{"line":247,"column":20},"end":{"line":247,"column":46}},"loc":{"start":{"line":247,"column":81},"end":{"line":260,"column":5}}},"10":{"name":"(anonymous_12)","decl":{"start":{"line":280,"column":19},"end":{"line":280,"column":25}},"loc":{"start":{"line":280,"column":25},"end":{"line":280,"column":33}}},"11":{"name":"(anonymous_13)","decl":{"start":{"line":281,"column":19},"end":{"line":281,"column":25}},"loc":{"start":{"line":281,"column":25},"end":{"line":281,"column":33}}},"12":{"name":"(anonymous_14)","decl":{"start":{"line":282,"column":21},"end":{"line":282,"column":27}},"loc":{"start":{"line":282,"column":27},"end":{"line":282,"column":35}}},"13":{"name":"(anonymous_15)","decl":{"start":{"line":283,"column":19},"end":{"line":283,"column":25}},"loc":{"start":{"line":283,"column":25},"end":{"line":283,"column":33}}},"14":{"name":"(anonymous_16)","decl":{"start":{"line":288,"column":0},"end":{"line":288,"column":17}},"loc":{"start":{"line":288,"column":32},"end":{"line":318,"column":1}}},"15":{"name":"toString","decl":{"start":{"line":289,"column":20},"end":{"line":289,"column":28}},"loc":{"start":{"line":289,"column":38},"end":{"line":291,"column":5}}},"16":{"name":"toByte","decl":{"start":{"line":292,"column":20},"end":{"line":292,"column":26}},"loc":{"start":{"line":292,"column":36},"end":{"line":295,"column":5}}},"17":{"name":"toSByte","decl":{"start":{"line":296,"column":20},"end":{"line":296,"column":27}},"loc":{"start":{"line":296,"column":37},"end":{"line":299,"column":5}}},"18":{"name":"toInt16","decl":{"start":{"line":300,"column":20},"end":{"line":300,"column":27}},"loc":{"start":{"line":300,"column":37},"end":{"line":303,"column":5}}},"19":{"name":"toUInt32","decl":{"start":{"line":304,"column":20},"end":{"line":304,"column":28}},"loc":{"start":{"line":304,"column":38},"end":{"line":307,"column":5}}},"20":{"name":"toUInt16","decl":{"start":{"line":308,"column":20},"end":{"line":308,"column":28}},"loc":{"start":{"line":308,"column":38},"end":{"line":311,"column":5}}},"21":{"name":"toInt64","decl":{"start":{"line":312,"column":20},"end":{"line":312,"column":27}},"loc":{"start":{"line":312,"column":37},"end":{"line":314,"column":5}}},"22":{"name":"getHashCode","decl":{"start":{"line":315,"column":20},"end":{"line":315,"column":31}},"loc":{"start":{"line":315,"column":41},"end":{"line":317,"column":5}}},"23":{"name":"(anonymous_25)","decl":{"start":{"line":319,"column":0},"end":{"line":319,"column":17}},"loc":{"start":{"line":319,"column":33},"end":{"line":325,"column":1}}},"24":{"name":"toInt64","decl":{"start":{"line":320,"column":20},"end":{"line":320,"column":27}},"loc":{"start":{"line":320,"column":37},"end":{"line":320,"column":60}}},"25":{"name":"toInt32","decl":{"start":{"line":321,"column":20},"end":{"line":321,"column":27}},"loc":{"start":{"line":321,"column":37},"end":{"line":324,"column":5}}},"26":{"name":"(anonymous_28)","decl":{"start":{"line":326,"column":0},"end":{"line":326,"column":17}},"loc":{"start":{"line":326,"column":34},"end":{"line":329,"column":1}}},"27":{"name":"toByte","decl":{"start":{"line":327,"column":20},"end":{"line":327,"column":26}},"loc":{"start":{"line":327,"column":36},"end":{"line":327,"column":87}}},"28":{"name":"toInt32","decl":{"start":{"line":328,"column":20},"end":{"line":328,"column":27}},"loc":{"start":{"line":328,"column":37},"end":{"line":328,"column":64}}},"29":{"name":"(anonymous_31)","decl":{"start":{"line":331,"column":0},"end":{"line":331,"column":17}},"loc":{"start":{"line":331,"column":34},"end":{"line":336,"column":1}}},"30":{"name":"toString","decl":{"start":{"line":332,"column":20},"end":{"line":332,"column":28}},"loc":{"start":{"line":332,"column":38},"end":{"line":332,"column":72}}},"31":{"name":"toByte","decl":{"start":{"line":333,"column":20},"end":{"line":333,"column":26}},"loc":{"start":{"line":333,"column":36},"end":{"line":333,"column":87}}},"32":{"name":"toInt32","decl":{"start":{"line":334,"column":20},"end":{"line":334,"column":27}},"loc":{"start":{"line":334,"column":37},"end":{"line":334,"column":64}}},"33":{"name":"isNaN","decl":{"start":{"line":335,"column":20},"end":{"line":335,"column":25}},"loc":{"start":{"line":335,"column":35},"end":{"line":335,"column":66}}},"34":{"name":"(anonymous_36)","decl":{"start":{"line":337,"column":0},"end":{"line":337,"column":17}},"loc":{"start":{"line":337,"column":32},"end":{"line":343,"column":1}}},"35":{"name":"toInt32","decl":{"start":{"line":338,"column":20},"end":{"line":338,"column":27}},"loc":{"start":{"line":338,"column":37},"end":{"line":338,"column":60}}},"36":{"name":"toUInt32","decl":{"start":{"line":339,"column":20},"end":{"line":339,"column":28}},"loc":{"start":{"line":339,"column":38},"end":{"line":342,"column":5}}},"37":{"name":"(anonymous_39)","decl":{"start":{"line":344,"column":0},"end":{"line":344,"column":17}},"loc":{"start":{"line":344,"column":33},"end":{"line":351,"column":1}}},"38":{"name":"toInt32","decl":{"start":{"line":345,"column":20},"end":{"line":345,"column":27}},"loc":{"start":{"line":345,"column":37},"end":{"line":345,"column":60}}},"39":{"name":"toUInt32","decl":{"start":{"line":346,"column":20},"end":{"line":346,"column":28}},"loc":{"start":{"line":346,"column":38},"end":{"line":346,"column":61}}},"40":{"name":"toInt16","decl":{"start":{"line":347,"column":20},"end":{"line":347,"column":27}},"loc":{"start":{"line":347,"column":37},"end":{"line":350,"column":5}}},"41":{"name":"(anonymous_43)","decl":{"start":{"line":353,"column":0},"end":{"line":353,"column":17}},"loc":{"start":{"line":353,"column":32},"end":{"line":358,"column":1}}},"42":{"name":"toInt32","decl":{"start":{"line":354,"column":20},"end":{"line":354,"column":27}},"loc":{"start":{"line":354,"column":37},"end":{"line":354,"column":60}}},"43":{"name":"getHashCode","decl":{"start":{"line":355,"column":20},"end":{"line":355,"column":31}},"loc":{"start":{"line":355,"column":41},"end":{"line":357,"column":5}}},"44":{"name":"(anonymous_46)","decl":{"start":{"line":360,"column":0},"end":{"line":360,"column":17}},"loc":{"start":{"line":360,"column":31},"end":{"line":363,"column":1}}},"45":{"name":"toInt32","decl":{"start":{"line":361,"column":20},"end":{"line":361,"column":27}},"loc":{"start":{"line":361,"column":37},"end":{"line":361,"column":60}}},"46":{"name":"toByte","decl":{"start":{"line":362,"column":20},"end":{"line":362,"column":26}},"loc":{"start":{"line":362,"column":36},"end":{"line":362,"column":83}}},"47":{"name":"(anonymous_49)","decl":{"start":{"line":365,"column":0},"end":{"line":365,"column":17}},"loc":{"start":{"line":365,"column":33},"end":{"line":392,"column":1}}},"48":{"name":"toString","decl":{"start":{"line":366,"column":20},"end":{"line":366,"column":28}},"loc":{"start":{"line":366,"column":35},"end":{"line":368,"column":5}}},"49":{"name":"equals","decl":{"start":{"line":369,"column":20},"end":{"line":369,"column":26}},"loc":{"start":{"line":369,"column":41},"end":{"line":383,"column":5}}},"50":{"name":"referenceEquals","decl":{"start":{"line":385,"column":20},"end":{"line":385,"column":35}},"loc":{"start":{"line":385,"column":50},"end":{"line":387,"column":5}}},"51":{"name":"getType","decl":{"start":{"line":389,"column":20},"end":{"line":389,"column":27}},"loc":{"start":{"line":389,"column":34},"end":{"line":391,"column":5}}},"52":{"name":"(anonymous_54)","decl":{"start":{"line":394,"column":0},"end":{"line":394,"column":17}},"loc":{"start":{"line":394,"column":31},"end":{"line":398,"column":1}}},"53":{"name":"toInt32","decl":{"start":{"line":395,"column":20},"end":{"line":395,"column":27}},"loc":{"start":{"line":395,"column":37},"end":{"line":397,"column":5}}},"54":{"name":"(anonymous_56)","decl":{"start":{"line":400,"column":0},"end":{"line":400,"column":13}},"loc":{"start":{"line":400,"column":0},"end":{"line":435,"column":null}}},"55":{"name":"EventAction","decl":{"start":{"line":403,"column":4},"end":{"line":403,"column":null}},"loc":{"start":{"line":403,"column":4},"end":{"line":405,"column":5}}},"56":{"name":"(anonymous_58)","decl":{"start":{"line":407,"column":4},"end":{"line":407,"column":11}},"loc":{"start":{"line":407,"column":4},"end":{"line":411,"column":5}}},"57":{"name":"(anonymous_59)","decl":{"start":{"line":413,"column":4},"end":{"line":413,"column":18}},"loc":{"start":{"line":413,"column":51},"end":{"line":419,"column":5}}},"58":{"name":"(anonymous_60)","decl":{"start":{"line":421,"column":4},"end":{"line":421,"column":18}},"loc":{"start":{"line":421,"column":50},"end":{"line":434,"column":5}}},"59":{"name":"(anonymous_61)","decl":{"start":{"line":438,"column":0},"end":{"line":438,"column":13}},"loc":{"start":{"line":438,"column":0},"end":{"line":473,"column":null}}},"60":{"name":"EventAction1","decl":{"start":{"line":441,"column":4},"end":{"line":441,"column":null}},"loc":{"start":{"line":441,"column":4},"end":{"line":443,"column":5}}},"61":{"name":"(anonymous_63)","decl":{"start":{"line":445,"column":4},"end":{"line":445,"column":11}},"loc":{"start":{"line":445,"column":25},"end":{"line":449,"column":5}}},"62":{"name":"(anonymous_64)","decl":{"start":{"line":451,"column":4},"end":{"line":451,"column":18}},"loc":{"start":{"line":451,"column":65},"end":{"line":457,"column":5}}},"63":{"name":"(anonymous_65)","decl":{"start":{"line":459,"column":4},"end":{"line":459,"column":18}},"loc":{"start":{"line":459,"column":64},"end":{"line":472,"column":5}}},"64":{"name":"(anonymous_66)","decl":{"start":{"line":475,"column":0},"end":{"line":475,"column":13}},"loc":{"start":{"line":475,"column":0},"end":{"line":510,"column":null}}},"65":{"name":"EventAction2","decl":{"start":{"line":478,"column":4},"end":{"line":478,"column":null}},"loc":{"start":{"line":478,"column":4},"end":{"line":480,"column":5}}},"66":{"name":"(anonymous_68)","decl":{"start":{"line":482,"column":4},"end":{"line":482,"column":11}},"loc":{"start":{"line":482,"column":36},"end":{"line":486,"column":5}}},"67":{"name":"(anonymous_69)","decl":{"start":{"line":488,"column":4},"end":{"line":488,"column":18}},"loc":{"start":{"line":488,"column":77},"end":{"line":494,"column":5}}},"68":{"name":"(anonymous_70)","decl":{"start":{"line":496,"column":4},"end":{"line":496,"column":18}},"loc":{"start":{"line":496,"column":76},"end":{"line":509,"column":5}}}},"branchMap":{"0":{"loc":{"start":{"line":6,"column":17},"end":{"line":6,"column":27}},"type":"binary-expr","locations":[{"start":{"line":6,"column":17},"end":{"line":6,"column":27}},{"start":{"line":6,"column":17},"end":{"line":6,"column":null}}]},"1":{"loc":{"start":{"line":20,"column":15},"end":{"line":20,"column":17}},"type":"binary-expr","locations":[{"start":{"line":20,"column":15},"end":{"line":20,"column":17}},{"start":{"line":20,"column":21},"end":{"line":20,"column":30}}]},"2":{"loc":{"start":{"line":27,"column":12},"end":{"line":36,"column":null}},"type":"if","locations":[{"start":{"line":27,"column":12},"end":{"line":36,"column":null}},{"start":{"line":27,"column":12},"end":{"line":36,"column":null}}]},"3":{"loc":{"start":{"line":29,"column":16},"end":{"line":34,"column":null}},"type":"if","locations":[{"start":{"line":29,"column":16},"end":{"line":34,"column":null}},{"start":{"line":29,"column":16},"end":{"line":34,"column":null}}]},"4":{"loc":{"start":{"line":38,"column":8},"end":{"line":40,"column":null}},"type":"if","locations":[{"start":{"line":38,"column":8},"end":{"line":40,"column":null}},{"start":{"line":38,"column":8},"end":{"line":40,"column":null}}]},"5":{"loc":{"start":{"line":44,"column":8},"end":{"line":46,"column":null}},"type":"if","locations":[{"start":{"line":44,"column":8},"end":{"line":46,"column":null}},{"start":{"line":44,"column":8},"end":{"line":46,"column":null}}]},"6":{"loc":{"start":{"line":44,"column":11},"end":{"line":44,"column":27}},"type":"binary-expr","locations":[{"start":{"line":44,"column":11},"end":{"line":44,"column":27}},{"start":{"line":44,"column":31},"end":{"line":44,"column":53}}]},"7":{"loc":{"start":{"line":62,"column":16},"end":{"line":71,"column":null}},"type":"if","locations":[{"start":{"line":62,"column":16},"end":{"line":71,"column":null}},{"start":{"line":62,"column":16},"end":{"line":71,"column":null}}]},"8":{"loc":{"start":{"line":64,"column":20},"end":{"line":70,"column":null}},"type":"if","locations":[{"start":{"line":64,"column":20},"end":{"line":70,"column":null}},{"start":{"line":64,"column":20},"end":{"line":70,"column":null}}]},"9":{"loc":{"start":{"line":64,"column":24},"end":{"line":64,"column":33}},"type":"binary-expr","locations":[{"start":{"line":64,"column":24},"end":{"line":64,"column":33}},{"start":{"line":64,"column":37},"end":{"line":64,"column":62}}]},"10":{"loc":{"start":{"line":74,"column":16},"end":{"line":84,"column":null}},"type":"if","locations":[{"start":{"line":74,"column":16},"end":{"line":84,"column":null}},{"start":{"line":74,"column":16},"end":{"line":84,"column":null}}]},"11":{"loc":{"start":{"line":76,"column":20},"end":{"line":83,"column":null}},"type":"if","locations":[{"start":{"line":76,"column":20},"end":{"line":83,"column":null}},{"start":{"line":76,"column":20},"end":{"line":83,"column":null}}]},"12":{"loc":{"start":{"line":76,"column":24},"end":{"line":76,"column":33}},"type":"binary-expr","locations":[{"start":{"line":76,"column":24},"end":{"line":76,"column":33}},{"start":{"line":76,"column":37},"end":{"line":76,"column":62}}]},"13":{"loc":{"start":{"line":93,"column":12},"end":{"line":93,"column":34}},"type":"if","locations":[{"start":{"line":93,"column":12},"end":{"line":93,"column":34}},{"start":{"line":93,"column":12},"end":{"line":93,"column":34}}]},"14":{"loc":{"start":{"line":102,"column":12},"end":{"line":104,"column":null}},"type":"if","locations":[{"start":{"line":102,"column":12},"end":{"line":104,"column":null}},{"start":{"line":102,"column":12},"end":{"line":104,"column":null}}]},"15":{"loc":{"start":{"line":102,"column":16},"end":{"line":102,"column":26}},"type":"binary-expr","locations":[{"start":{"line":102,"column":16},"end":{"line":102,"column":26}},{"start":{"line":102,"column":30},"end":{"line":102,"column":61}},{"start":{"line":102,"column":65},"end":{"line":102,"column":73}}]},"16":{"loc":{"start":{"line":116,"column":21},"end":{"line":116,"column":30}},"type":"binary-expr","locations":[{"start":{"line":116,"column":21},"end":{"line":116,"column":30}},{"start":{"line":116,"column":34},"end":{"line":116,"column":43}},{"start":{"line":116,"column":47},"end":{"line":116,"column":62}}]},"17":{"loc":{"start":{"line":111,"column":16},"end":{"line":113,"column":null}},"type":"if","locations":[{"start":{"line":111,"column":16},"end":{"line":113,"column":null}},{"start":{"line":111,"column":16},"end":{"line":113,"column":null}}]},"18":{"loc":{"start":{"line":119,"column":12},"end":{"line":121,"column":null}},"type":"if","locations":[{"start":{"line":119,"column":12},"end":{"line":121,"column":null}},{"start":{"line":119,"column":12},"end":{"line":121,"column":null}}]},"19":{"loc":{"start":{"line":124,"column":19},"end":{"line":124,"column":28}},"type":"binary-expr","locations":[{"start":{"line":124,"column":19},"end":{"line":124,"column":28}},{"start":{"line":124,"column":32},"end":{"line":124,"column":64}}]},"20":{"loc":{"start":{"line":134,"column":12},"end":{"line":166,"column":null}},"type":"if","locations":[{"start":{"line":134,"column":12},"end":{"line":166,"column":null}},{"start":{"line":134,"column":12},"end":{"line":166,"column":null}}]},"21":{"loc":{"start":{"line":138,"column":23},"end":{"line":138,"column":32}},"type":"binary-expr","locations":[{"start":{"line":138,"column":23},"end":{"line":138,"column":32}},{"start":{"line":138,"column":36},"end":{"line":138,"column":61}}]},"22":{"loc":{"start":{"line":141,"column":16},"end":{"line":141,"column":101}},"type":"if","locations":[{"start":{"line":141,"column":16},"end":{"line":141,"column":101}},{"start":{"line":141,"column":16},"end":{"line":141,"column":101}}]},"23":{"loc":{"start":{"line":145,"column":16},"end":{"line":152,"column":null}},"type":"if","locations":[{"start":{"line":145,"column":16},"end":{"line":152,"column":null}},{"start":{"line":145,"column":16},"end":{"line":152,"column":null}}]},"24":{"loc":{"start":{"line":150,"column":20},"end":{"line":150,"column":105}},"type":"if","locations":[{"start":{"line":150,"column":20},"end":{"line":150,"column":105}},{"start":{"line":150,"column":20},"end":{"line":150,"column":105}}]},"25":{"loc":{"start":{"line":155,"column":16},"end":{"line":155,"column":111}},"type":"if","locations":[{"start":{"line":155,"column":16},"end":{"line":155,"column":111}},{"start":{"line":155,"column":16},"end":{"line":155,"column":111}}]},"26":{"loc":{"start":{"line":155,"column":20},"end":{"line":155,"column":28}},"type":"binary-expr","locations":[{"start":{"line":155,"column":20},"end":{"line":155,"column":28}},{"start":{"line":155,"column":32},"end":{"line":155,"column":40}}]},"27":{"loc":{"start":{"line":164,"column":25},"end":{"line":164,"column":34}},"type":"binary-expr","locations":[{"start":{"line":164,"column":25},"end":{"line":164,"column":34}},{"start":{"line":164,"column":38},"end":{"line":164,"column":47}},{"start":{"line":164,"column":51},"end":{"line":164,"column":65}}]},"28":{"loc":{"start":{"line":161,"column":20},"end":{"line":161,"column":105}},"type":"if","locations":[{"start":{"line":161,"column":20},"end":{"line":161,"column":105}},{"start":{"line":161,"column":20},"end":{"line":161,"column":105}}]},"29":{"loc":{"start":{"line":169,"column":19},"end":{"line":169,"column":28}},"type":"binary-expr","locations":[{"start":{"line":169,"column":19},"end":{"line":169,"column":28}},{"start":{"line":169,"column":32},"end":{"line":169,"column":64}}]},"30":{"loc":{"start":{"line":178,"column":12},"end":{"line":229,"column":null}},"type":"if","locations":[{"start":{"line":178,"column":12},"end":{"line":229,"column":null}},{"start":{"line":178,"column":12},"end":{"line":229,"column":null}}]},"31":{"loc":{"start":{"line":184,"column":20},"end":{"line":184,"column":105}},"type":"if","locations":[{"start":{"line":184,"column":20},"end":{"line":184,"column":105}},{"start":{"line":184,"column":20},"end":{"line":184,"column":105}}]},"32":{"loc":{"start":{"line":189,"column":20},"end":{"line":216,"column":null}},"type":"if","locations":[{"start":{"line":189,"column":20},"end":{"line":216,"column":null}},{"start":{"line":189,"column":20},"end":{"line":216,"column":null}}]},"33":{"loc":{"start":{"line":189,"column":24},"end":{"line":189,"column":33}},"type":"binary-expr","locations":[{"start":{"line":189,"column":24},"end":{"line":189,"column":33}},{"start":{"line":189,"column":37},"end":{"line":189,"column":46}}]},"34":{"loc":{"start":{"line":190,"column":24},"end":{"line":207,"column":null}},"type":"if","locations":[{"start":{"line":190,"column":24},"end":{"line":207,"column":null}},{"start":{"line":190,"column":24},"end":{"line":207,"column":null}}]},"35":{"loc":{"start":{"line":192,"column":28},"end":{"line":196,"column":101}},"type":"if","locations":[{"start":{"line":192,"column":28},"end":{"line":196,"column":101}},{"start":{"line":192,"column":28},"end":{"line":196,"column":101}}]},"36":{"loc":{"start":{"line":192,"column":32},"end":{"line":192,"column":41}},"type":"binary-expr","locations":[{"start":{"line":192,"column":32},"end":{"line":192,"column":41}},{"start":{"line":192,"column":45},"end":{"line":192,"column":70}}]},"37":{"loc":{"start":{"line":200,"column":28},"end":{"line":206,"column":null}},"type":"if","locations":[{"start":{"line":200,"column":28},"end":{"line":206,"column":null}},{"start":{"line":200,"column":28},"end":{"line":206,"column":null}}]},"38":{"loc":{"start":{"line":200,"column":32},"end":{"line":200,"column":41}},"type":"binary-expr","locations":[{"start":{"line":200,"column":32},"end":{"line":200,"column":41}},{"start":{"line":200,"column":45},"end":{"line":200,"column":70}}]},"39":{"loc":{"start":{"line":211,"column":24},"end":{"line":213,"column":null}},"type":"if","locations":[{"start":{"line":211,"column":24},"end":{"line":213,"column":null}},{"start":{"line":211,"column":24},"end":{"line":213,"column":null}}]},"40":{"loc":{"start":{"line":219,"column":16},"end":{"line":228,"column":null}},"type":"if","locations":[{"start":{"line":219,"column":16},"end":{"line":228,"column":null}},{"start":{"line":219,"column":16},"end":{"line":228,"column":null}}]},"41":{"loc":{"start":{"line":219,"column":20},"end":{"line":219,"column":47}},"type":"binary-expr","locations":[{"start":{"line":219,"column":20},"end":{"line":219,"column":47}},{"start":{"line":219,"column":51},"end":{"line":219,"column":82}}]},"42":{"loc":{"start":{"line":220,"column":20},"end":{"line":222,"column":null}},"type":"if","locations":[{"start":{"line":220,"column":20},"end":{"line":222,"column":null}},{"start":{"line":220,"column":20},"end":{"line":222,"column":null}}]},"43":{"loc":{"start":{"line":232,"column":12},"end":{"line":232,"column":96}},"type":"if","locations":[{"start":{"line":232,"column":12},"end":{"line":232,"column":96}},{"start":{"line":232,"column":12},"end":{"line":232,"column":96}}]},"44":{"loc":{"start":{"line":248,"column":8},"end":{"line":250,"column":null}},"type":"if","locations":[{"start":{"line":248,"column":8},"end":{"line":250,"column":null}},{"start":{"line":248,"column":8},"end":{"line":250,"column":null}}]},"45":{"loc":{"start":{"line":255,"column":12},"end":{"line":255,"column":32}},"type":"if","locations":[{"start":{"line":255,"column":12},"end":{"line":255,"column":32}},{"start":{"line":255,"column":12},"end":{"line":255,"column":32}}]},"46":{"loc":{"start":{"line":12,"column":17},"end":{"line":12,"column":33}},"type":"binary-expr","locations":[{"start":{"line":12,"column":17},"end":{"line":12,"column":33}},{"start":{"line":12,"column":17},"end":{"line":12,"column":null}}]},"47":{"loc":{"start":{"line":288,"column":17},"end":{"line":288,"column":32}},"type":"binary-expr","locations":[{"start":{"line":288,"column":17},"end":{"line":288,"column":32}},{"start":{"line":288,"column":17},"end":{"line":288,"column":null}}]},"48":{"loc":{"start":{"line":319,"column":17},"end":{"line":319,"column":33}},"type":"binary-expr","locations":[{"start":{"line":319,"column":17},"end":{"line":319,"column":33}},{"start":{"line":319,"column":17},"end":{"line":319,"column":null}}]},"49":{"loc":{"start":{"line":326,"column":17},"end":{"line":326,"column":34}},"type":"binary-expr","locations":[{"start":{"line":326,"column":17},"end":{"line":326,"column":34}},{"start":{"line":326,"column":17},"end":{"line":326,"column":null}}]},"50":{"loc":{"start":{"line":331,"column":17},"end":{"line":331,"column":34}},"type":"binary-expr","locations":[{"start":{"line":331,"column":17},"end":{"line":331,"column":34}},{"start":{"line":331,"column":17},"end":{"line":331,"column":null}}]},"51":{"loc":{"start":{"line":337,"column":17},"end":{"line":337,"column":32}},"type":"binary-expr","locations":[{"start":{"line":337,"column":17},"end":{"line":337,"column":32}},{"start":{"line":337,"column":17},"end":{"line":337,"column":null}}]},"52":{"loc":{"start":{"line":344,"column":17},"end":{"line":344,"column":33}},"type":"binary-expr","locations":[{"start":{"line":344,"column":17},"end":{"line":344,"column":33}},{"start":{"line":344,"column":17},"end":{"line":344,"column":null}}]},"53":{"loc":{"start":{"line":353,"column":17},"end":{"line":353,"column":32}},"type":"binary-expr","locations":[{"start":{"line":353,"column":17},"end":{"line":353,"column":32}},{"start":{"line":353,"column":17},"end":{"line":353,"column":null}}]},"54":{"loc":{"start":{"line":360,"column":17},"end":{"line":360,"column":31}},"type":"binary-expr","locations":[{"start":{"line":360,"column":17},"end":{"line":360,"column":31}},{"start":{"line":360,"column":17},"end":{"line":360,"column":null}}]},"55":{"loc":{"start":{"line":370,"column":8},"end":{"line":372,"column":null}},"type":"if","locations":[{"start":{"line":370,"column":8},"end":{"line":372,"column":null}},{"start":{"line":370,"column":8},"end":{"line":372,"column":null}}]},"56":{"loc":{"start":{"line":375,"column":8},"end":{"line":377,"column":null}},"type":"if","locations":[{"start":{"line":375,"column":8},"end":{"line":377,"column":null}},{"start":{"line":375,"column":8},"end":{"line":377,"column":null}}]},"57":{"loc":{"start":{"line":379,"column":8},"end":{"line":381,"column":null}},"type":"if","locations":[{"start":{"line":379,"column":8},"end":{"line":381,"column":null}},{"start":{"line":379,"column":8},"end":{"line":381,"column":null}}]},"58":{"loc":{"start":{"line":365,"column":17},"end":{"line":365,"column":33}},"type":"binary-expr","locations":[{"start":{"line":365,"column":17},"end":{"line":365,"column":33}},{"start":{"line":365,"column":17},"end":{"line":365,"column":null}}]},"59":{"loc":{"start":{"line":394,"column":17},"end":{"line":394,"column":31}},"type":"binary-expr","locations":[{"start":{"line":394,"column":17},"end":{"line":394,"column":31}},{"start":{"line":394,"column":17},"end":{"line":394,"column":null}}]},"60":{"loc":{"start":{"line":414,"column":8},"end":{"line":416,"column":null}},"type":"if","locations":[{"start":{"line":414,"column":8},"end":{"line":416,"column":null}},{"start":{"line":414,"column":8},"end":{"line":416,"column":null}}]},"61":{"loc":{"start":{"line":422,"column":8},"end":{"line":424,"column":null}},"type":"if","locations":[{"start":{"line":422,"column":8},"end":{"line":424,"column":null}},{"start":{"line":422,"column":8},"end":{"line":424,"column":null}}]},"62":{"loc":{"start":{"line":427,"column":8},"end":{"line":432,"column":null}},"type":"if","locations":[{"start":{"line":427,"column":8},"end":{"line":432,"column":null}},{"start":{"line":427,"column":8},"end":{"line":432,"column":null}}]},"63":{"loc":{"start":{"line":429,"column":12},"end":{"line":431,"column":null}},"type":"if","locations":[{"start":{"line":429,"column":12},"end":{"line":431,"column":null}},{"start":{"line":429,"column":12},"end":{"line":431,"column":null}}]},"64":{"loc":{"start":{"line":452,"column":8},"end":{"line":454,"column":null}},"type":"if","locations":[{"start":{"line":452,"column":8},"end":{"line":454,"column":null}},{"start":{"line":452,"column":8},"end":{"line":454,"column":null}}]},"65":{"loc":{"start":{"line":460,"column":8},"end":{"line":462,"column":null}},"type":"if","locations":[{"start":{"line":460,"column":8},"end":{"line":462,"column":null}},{"start":{"line":460,"column":8},"end":{"line":462,"column":null}}]},"66":{"loc":{"start":{"line":465,"column":8},"end":{"line":470,"column":null}},"type":"if","locations":[{"start":{"line":465,"column":8},"end":{"line":470,"column":null}},{"start":{"line":465,"column":8},"end":{"line":470,"column":null}}]},"67":{"loc":{"start":{"line":467,"column":12},"end":{"line":469,"column":null}},"type":"if","locations":[{"start":{"line":467,"column":12},"end":{"line":469,"column":null}},{"start":{"line":467,"column":12},"end":{"line":469,"column":null}}]},"68":{"loc":{"start":{"line":489,"column":8},"end":{"line":491,"column":null}},"type":"if","locations":[{"start":{"line":489,"column":8},"end":{"line":491,"column":null}},{"start":{"line":489,"column":8},"end":{"line":491,"column":null}}]},"69":{"loc":{"start":{"line":497,"column":8},"end":{"line":499,"column":null}},"type":"if","locations":[{"start":{"line":497,"column":8},"end":{"line":499,"column":null}},{"start":{"line":497,"column":8},"end":{"line":499,"column":null}}]},"70":{"loc":{"start":{"line":502,"column":8},"end":{"line":507,"column":null}},"type":"if","locations":[{"start":{"line":502,"column":8},"end":{"line":507,"column":null}},{"start":{"line":502,"column":8},"end":{"line":507,"column":null}}]},"71":{"loc":{"start":{"line":504,"column":12},"end":{"line":506,"column":null}},"type":"if","locations":[{"start":{"line":504,"column":12},"end":{"line":506,"column":null}},{"start":{"line":504,"column":12},"end":{"line":506,"column":null}}]}},"s":{"0":0,"1":0,"2":0,"3":0,"4":0,"5":0,"6":0,"7":0,"8":0,"9":0,"10":0,"11":0,"12":0,"13":0,"14":0,"15":0,"16":0,"17":0,"18":0,"19":0,"20":0,"21":0,"22":0,"23":0,"24":0,"25":0,"26":0,"27":0,"28":0,"29":0,"30":0,"31":0,"32":0,"33":0,"34":0,"35":0,"36":0,"37":0,"38":0,"39":0,"40":0,"41":0,"42":0,"43":0,"44":0,"45":0,"46":0,"47":0,"48":0,"49":0,"50":0,"51":0,"52":0,"53":0,"54":0,"55":0,"56":0,"57":0,"58":0,"59":0,"60":0,"61":0,"62":0,"63":0,"64":0,"65":0,"66":0,"67":0,"68":0,"69":0,"70":0,"71":0,"72":0,"73":0,"74":0,"75":0,"76":0,"77":0,"78":0,"79":0,"80":0,"81":0,"82":0,"83":0,"84":0,"85":0,"86":0,"87":0,"88":0,"89":0,"90":0,"91":0,"92":0,"93":0,"94":0,"95":0,"96":0,"97":0,"98":0,"99":0,"100":0,"101":0,"102":0,"103":0,"104":0,"105":0,"106":0,"107":0,"108":0,"109":0,"110":0,"111":0,"112":0,"113":0,"114":0,"115":0,"116":0,"117":0,"118":0,"119":0,"120":0,"121":0,"122":0,"123":0,"124":0,"125":0,"126":0,"127":0,"128":0,"129":0,"130":0,"131":0,"132":0,"133":0,"134":0,"135":0,"136":0,"137":0,"138":0,"139":0,"140":0,"141":0,"142":0,"143":0,"144":0,"145":0,"146":0,"147":0,"148":0,"149":0,"150":0,"151":0,"152":0,"153":0,"154":0,"155":0,"156":0,"157":0,"158":0,"159":0,"160":0,"161":0,"162":0,"163":0,"164":0,"165":0,"166":0,"167":0,"168":0,"169":0,"170":0,"171":0,"172":0,"173":0,"174":0,"175":0,"176":0,"177":0,"178":0,"179":0,"180":0,"181":0,"182":0,"183":0,"184":0,"185":0,"186":0,"187":0,"188":0,"189":0,"190":0,"191":0,"192":0,"193":0,"194":0,"195":0,"196":0,"197":0,"198":0,"199":0,"200":0,"201":0,"202":0,"203":0,"204":0,"205":0,"206":0,"207":0,"208":0,"209":0,"210":0,"211":0,"212":0,"213":0,"214":0,"215":0,"216":0,"217":0,"218":0,"219":0,"220":0,"221":0,"222":0,"223":0,"224":0,"225":0,"226":0,"227":0,"228":0,"229":0,"230":0,"231":0,"232":0,"233":0,"234":0,"235":0,"236":0,"237":0,"238":0,"239":0,"240":0,"241":0,"242":0,"243":0,"244":0,"245":0,"246":0,"247":0,"248":0,"249":0,"250":0,"251":0,"252":0,"253":0,"254":0,"255":0,"256":0,"257":0,"258":0,"259":0,"260":0,"261":0,"262":0,"263":0,"264":0,"265":0,"266":0,"267":0,"268":0,"269":0,"270":0,"271":0,"272":0,"273":0,"274":0,"275":0,"276":0,"277":0,"278":0,"279":0,"280":0,"281":0,"282":0,"283":0,"284":0,"285":0,"286":0,"287":0,"288":0,"289":0,"290":0,"291":0,"292":0,"293":0,"294":0,"295":0,"296":0,"297":0,"298":0,"299":0,"300":0,"301":0,"302":0,"303":0,"304":0,"305":0,"306":0,"307":0},"f":{"0":0,"1":0,"2":0,"3":0,"4":0,"5":0,"6":0,"7":0,"8":0,"9":0,"10":0,"11":0,"12":0,"13":0,"14":0,"15":0,"16":0,"17":0,"18":0,"19":0,"20":0,"21":0,"22":0,"23":0,"24":0,"25":0,"26":0,"27":0,"28":0,"29":0,"30":0,"31":0,"32":0,"33":0,"34":0,"35":0,"36":0,"37":0,"38":0,"39":0,"40":0,"41":0,"42":0,"43":0,"44":0,"45":0,"46":0,"47":0,"48":0,"49":0,"50":0,"51":0,"52":0,"53":0,"54":0,"55":0,"56":0,"57":0,"58":0,"59":0,"60":0,"61":0,"62":0,"63":0,"64":0,"65":0,"66":0,"67":0,"68":0},"b":{"0":[0,0],"1":[0,0],"2":[0,0],"3":[0,0],"4":[0,0],"5":[0,0],"6":[0,0],"7":[0,0],"8":[0,0],"9":[0,0],"10":[0,0],"11":[0,0],"12":[0,0],"13":[0,0],"14":[0,0],"15":[0,0,0],"16":[0,0,0],"17":[0,0],"18":[0,0],"19":[0,0],"20":[0,0],"21":[0,0],"22":[0,0],"23":[0,0],"24":[0,0],"25":[0,0],"26":[0,0],"27":[0,0,0],"28":[0,0],"29":[0,0],"30":[0,0],"31":[0,0],"32":[0,0],"33":[0,0],"34":[0,0],"35":[0,0],"36":[0,0],"37":[0,0],"38":[0,0],"39":[0,0],"40":[0,0],"41":[0,0],"42":[0,0],"43":[0,0],"44":[0,0],"45":[0,0],"46":[0,0],"47":[0,0],"48":[0,0],"49":[0,0],"50":[0,0],"51":[0,0],"52":[0,0],"53":[0,0],"54":[0,0],"55":[0,0],"56":[0,0],"57":[0,0],"58":[0,0],"59":[0,0],"60":[0,0],"61":[0,0],"62":[0,0],"63":[0,0],"64":[0,0],"65":[0,0],"66":[0,0],"67":[0,0],"68":[0,0],"69":[0,0],"70":[0,0],"71":[0,0]}}
}
