TN:
SF:src\alphatab.ts
FNF:0
FNH:0
DA:3,0
DA:5,0
DA:6,0
DA:7,0
DA:8,0
DA:9,0
DA:10,0
DA:11,0
DA:12,0
DA:13,0
DA:14,0
DA:15,0
DA:16,0
DA:17,0
DA:18,0
DA:19,0
DA:20,0
DA:21,0
DA:22,0
DA:23,0
DA:24,0
DA:25,0
DA:26,0
DA:27,0
DA:28,0
DA:29,0
DA:30,0
DA:31,0
DA:32,0
DA:33,0
DA:34,0
DA:35,0
DA:36,0
DA:37,0
DA:38,0
DA:39,0
DA:40,0
DA:41,0
DA:42,0
DA:43,0
DA:44,0
DA:45,0
DA:46,0
DA:47,0
DA:48,0
DA:49,0
DA:50,0
DA:51,0
DA:52,0
DA:53,0
DA:55,0
DA:57,0
DA:58,0
DA:59,0
DA:60,0
DA:61,0
DA:64,0
DA:65,0
DA:66,0
DA:67,0
DA:68,0
DA:69,0
DA:70,0
DA:71,0
DA:72,0
DA:73,0
DA:74,0
DA:75,0
DA:76,0
DA:77,0
DA:78,0
DA:79,0
DA:80,0
DA:81,0
DA:82,0
DA:86,0
DA:87,0
DA:88,0
DA:89,0
DA:90,0
DA:91,0
DA:92,0
DA:93,0
DA:94,0
DA:95,0
DA:96,0
DA:97,0
DA:98,0
DA:99,0
DA:100,0
DA:101,0
DA:102,0
DA:103,0
DA:104,0
DA:107,0
DA:111,0
DA:163,0
LF:97
LH:0
BRF:0
BRH:0
end_of_record
TN:
SF:src\phase.ts
FN:6,(anonymous_2)
FN:7,empty
FN:12,(anonymous_4)
FN:13,contains
FN:16,isNullOrEmpty
FN:19,isNullOrWhiteSpace
FN:22,split_numberArray
FN:43,format
FN:244,join_string_stringArray
FN:247,join_string_IEnumerable_T1
FN:280,(anonymous_12)
FN:281,(anonymous_13)
FN:282,(anonymous_14)
FN:283,(anonymous_15)
FN:288,(anonymous_16)
FN:289,toString
FN:292,toByte
FN:296,toSByte
FN:300,toInt16
FN:304,toUInt32
FN:308,toUInt16
FN:312,toInt64
FN:315,getHashCode
FN:319,(anonymous_25)
FN:320,toInt64
FN:321,toInt32
FN:326,(anonymous_28)
FN:327,toByte
FN:328,toInt32
FN:331,(anonymous_31)
FN:332,toString
FN:333,toByte
FN:334,toInt32
FN:335,isNaN
FN:337,(anonymous_36)
FN:338,toInt32
FN:339,toUInt32
FN:344,(anonymous_39)
FN:345,toInt32
FN:346,toUInt32
FN:347,toInt16
FN:353,(anonymous_43)
FN:354,toInt32
FN:355,getHashCode
FN:360,(anonymous_46)
FN:361,toInt32
FN:362,toByte
FN:365,(anonymous_49)
FN:366,toString
FN:369,equals
FN:385,referenceEquals
FN:389,getType
FN:394,(anonymous_54)
FN:395,toInt32
FN:400,(anonymous_56)
FN:403,EventAction
FN:407,(anonymous_58)
FN:413,(anonymous_59)
FN:421,(anonymous_60)
FN:438,(anonymous_61)
FN:441,EventAction1
FN:445,(anonymous_63)
FN:451,(anonymous_64)
FN:459,(anonymous_65)
FN:475,(anonymous_66)
FN:478,EventAction2
FN:482,(anonymous_68)
FN:488,(anonymous_69)
FN:496,(anonymous_70)
FNF:69
FNH:0
FNDA:0,(anonymous_2)
FNDA:0,empty
FNDA:0,(anonymous_4)
FNDA:0,contains
FNDA:0,isNullOrEmpty
FNDA:0,isNullOrWhiteSpace
FNDA:0,split_numberArray
FNDA:0,format
FNDA:0,join_string_stringArray
FNDA:0,join_string_IEnumerable_T1
FNDA:0,(anonymous_12)
FNDA:0,(anonymous_13)
FNDA:0,(anonymous_14)
FNDA:0,(anonymous_15)
FNDA:0,(anonymous_16)
FNDA:0,toString
FNDA:0,toByte
FNDA:0,toSByte
FNDA:0,toInt16
FNDA:0,toUInt32
FNDA:0,toUInt16
FNDA:0,toInt64
FNDA:0,getHashCode
FNDA:0,(anonymous_25)
FNDA:0,toInt64
FNDA:0,toInt32
FNDA:0,(anonymous_28)
FNDA:0,toByte
FNDA:0,toInt32
FNDA:0,(anonymous_31)
FNDA:0,toString
FNDA:0,toByte
FNDA:0,toInt32
FNDA:0,isNaN
FNDA:0,(anonymous_36)
FNDA:0,toInt32
FNDA:0,toUInt32
FNDA:0,(anonymous_39)
FNDA:0,toInt32
FNDA:0,toUInt32
FNDA:0,toInt16
FNDA:0,(anonymous_43)
FNDA:0,toInt32
FNDA:0,getHashCode
FNDA:0,(anonymous_46)
FNDA:0,toInt32
FNDA:0,toByte
FNDA:0,(anonymous_49)
FNDA:0,toString
FNDA:0,equals
FNDA:0,referenceEquals
FNDA:0,getType
FNDA:0,(anonymous_54)
FNDA:0,toInt32
FNDA:0,(anonymous_56)
FNDA:0,EventAction
FNDA:0,(anonymous_58)
FNDA:0,(anonymous_59)
FNDA:0,(anonymous_60)
FNDA:0,(anonymous_61)
FNDA:0,EventAction1
FNDA:0,(anonymous_63)
FNDA:0,(anonymous_64)
FNDA:0,(anonymous_65)
FNDA:0,(anonymous_66)
FNDA:0,EventAction2
FNDA:0,(anonymous_68)
FNDA:0,(anonymous_69)
FNDA:0,(anonymous_70)
DA:4,0
DA:6,0
DA:7,0
DA:8,0
DA:12,0
DA:13,0
DA:14,0
DA:16,0
DA:17,0
DA:19,0
DA:20,0
DA:22,0
DA:23,0
DA:24,0
DA:25,0
DA:26,0
DA:27,0
DA:28,0
DA:29,0
DA:30,0
DA:33,0
DA:35,0
DA:38,0
DA:39,0
DA:41,0
DA:43,0
DA:44,0
DA:45,0
DA:48,0
DA:51,0
DA:52,0
DA:53,0
DA:54,0
DA:56,0
DA:57,0
DA:58,0
DA:59,0
DA:62,0
DA:64,0
DA:65,0
DA:69,0
DA:74,0
DA:76,0
DA:77,0
DA:81,0
DA:82,0
DA:86,0
DA:93,0
DA:99,0
DA:102,0
DA:103,0
DA:106,0
DA:107,0
DA:108,0
DA:109,0
DA:111,0
DA:112,0
DA:114,0
DA:119,0
DA:120,0
DA:124,0
DA:131,0
DA:132,0
DA:134,0
DA:135,0
DA:138,0
DA:141,0
DA:144,0
DA:145,0
DA:147,0
DA:148,0
DA:150,0
DA:151,0
DA:155,0
DA:157,0
DA:158,0
DA:159,0
DA:161,0
DA:162,0
DA:169,0
DA:174,0
DA:175,0
DA:178,0
DA:179,0
DA:180,0
DA:182,0
DA:184,0
DA:185,0
DA:186,0
DA:189,0
DA:190,0
DA:192,0
DA:193,0
DA:196,0
DA:200,0
DA:201,0
DA:204,0
DA:205,0
DA:211,0
DA:212,0
DA:214,0
DA:215,0
DA:219,0
DA:220,0
DA:221,0
DA:225,0
DA:226,0
DA:227,0
DA:232,0
DA:235,0
DA:238,0
DA:239,0
DA:242,0
DA:244,0
DA:245,0
DA:247,0
DA:248,0
DA:249,0
DA:252,0
DA:253,0
DA:254,0
DA:255,0
DA:256,0
DA:257,0
DA:259,0
DA:280,0
DA:281,0
DA:282,0
DA:283,0
DA:285,0
DA:286,0
DA:288,0
DA:289,0
DA:290,0
DA:292,0
DA:293,0
DA:294,0
DA:296,0
DA:297,0
DA:298,0
DA:300,0
DA:301,0
DA:302,0
DA:304,0
DA:305,0
DA:306,0
DA:308,0
DA:309,0
DA:310,0
DA:312,0
DA:313,0
DA:315,0
DA:316,0
DA:319,0
DA:320,0
DA:321,0
DA:322,0
DA:323,0
DA:326,0
DA:327,0
DA:328,0
DA:331,0
DA:332,0
DA:333,0
DA:334,0
DA:335,0
DA:337,0
DA:338,0
DA:339,0
DA:340,0
DA:341,0
DA:344,0
DA:345,0
DA:346,0
DA:347,0
DA:348,0
DA:349,0
DA:353,0
DA:354,0
DA:355,0
DA:356,0
DA:360,0
DA:361,0
DA:362,0
DA:365,0
DA:366,0
DA:367,0
DA:369,0
DA:370,0
DA:371,0
DA:374,0
DA:375,0
DA:376,0
DA:379,0
DA:380,0
DA:382,0
DA:385,0
DA:386,0
DA:389,0
DA:390,0
DA:394,0
DA:395,0
DA:396,0
DA:400,0
DA:404,0
DA:407,0
DA:408,0
DA:409,0
DA:413,0
DA:414,0
DA:415,0
DA:417,0
DA:418,0
DA:421,0
DA:422,0
DA:423,0
DA:426,0
DA:427,0
DA:428,0
DA:429,0
DA:430,0
DA:433,0
DA:435,0
DA:438,0
DA:442,0
DA:445,0
DA:446,0
DA:447,0
DA:451,0
DA:452,0
DA:453,0
DA:455,0
DA:456,0
DA:459,0
DA:460,0
DA:461,0
DA:464,0
DA:465,0
DA:466,0
DA:467,0
DA:468,0
DA:471,0
DA:473,0
DA:475,0
DA:479,0
DA:482,0
DA:483,0
DA:484,0
DA:488,0
DA:489,0
DA:490,0
DA:492,0
DA:493,0
DA:496,0
DA:497,0
DA:498,0
DA:501,0
DA:502,0
DA:503,0
DA:504,0
DA:505,0
DA:508,0
DA:510,0
LF:263
LH:0
BRDA:6,0,0,0
BRDA:6,0,1,0
BRDA:20,1,0,0
BRDA:20,1,1,0
BRDA:27,2,0,0
BRDA:27,2,1,0
BRDA:29,3,0,0
BRDA:29,3,1,0
BRDA:38,4,0,0
BRDA:38,4,1,0
BRDA:44,5,0,0
BRDA:44,5,1,0
BRDA:44,6,0,0
BRDA:44,6,1,0
BRDA:62,7,0,0
BRDA:62,7,1,0
BRDA:64,8,0,0
BRDA:64,8,1,0
BRDA:64,9,0,0
BRDA:64,9,1,0
BRDA:74,10,0,0
BRDA:74,10,1,0
BRDA:76,11,0,0
BRDA:76,11,1,0
BRDA:76,12,0,0
BRDA:76,12,1,0
BRDA:93,13,0,0
BRDA:93,13,1,0
BRDA:102,14,0,0
BRDA:102,14,1,0
BRDA:102,15,0,0
BRDA:102,15,1,0
BRDA:102,15,2,0
BRDA:116,16,0,0
BRDA:116,16,1,0
BRDA:116,16,2,0
BRDA:111,17,0,0
BRDA:111,17,1,0
BRDA:119,18,0,0
BRDA:119,18,1,0
BRDA:124,19,0,0
BRDA:124,19,1,0
BRDA:134,20,0,0
BRDA:134,20,1,0
BRDA:138,21,0,0
BRDA:138,21,1,0
BRDA:141,22,0,0
BRDA:141,22,1,0
BRDA:145,23,0,0
BRDA:145,23,1,0
BRDA:150,24,0,0
BRDA:150,24,1,0
BRDA:155,25,0,0
BRDA:155,25,1,0
BRDA:155,26,0,0
BRDA:155,26,1,0
BRDA:164,27,0,0
BRDA:164,27,1,0
BRDA:164,27,2,0
BRDA:161,28,0,0
BRDA:161,28,1,0
BRDA:169,29,0,0
BRDA:169,29,1,0
BRDA:178,30,0,0
BRDA:178,30,1,0
BRDA:184,31,0,0
BRDA:184,31,1,0
BRDA:189,32,0,0
BRDA:189,32,1,0
BRDA:189,33,0,0
BRDA:189,33,1,0
BRDA:190,34,0,0
BRDA:190,34,1,0
BRDA:192,35,0,0
BRDA:192,35,1,0
BRDA:192,36,0,0
BRDA:192,36,1,0
BRDA:200,37,0,0
BRDA:200,37,1,0
BRDA:200,38,0,0
BRDA:200,38,1,0
BRDA:211,39,0,0
BRDA:211,39,1,0
BRDA:219,40,0,0
BRDA:219,40,1,0
BRDA:219,41,0,0
BRDA:219,41,1,0
BRDA:220,42,0,0
BRDA:220,42,1,0
BRDA:232,43,0,0
BRDA:232,43,1,0
BRDA:248,44,0,0
BRDA:248,44,1,0
BRDA:255,45,0,0
BRDA:255,45,1,0
BRDA:12,46,0,0
BRDA:12,46,1,0
BRDA:288,47,0,0
BRDA:288,47,1,0
BRDA:319,48,0,0
BRDA:319,48,1,0
BRDA:326,49,0,0
BRDA:326,49,1,0
BRDA:331,50,0,0
BRDA:331,50,1,0
BRDA:337,51,0,0
BRDA:337,51,1,0
BRDA:344,52,0,0
BRDA:344,52,1,0
BRDA:353,53,0,0
BRDA:353,53,1,0
BRDA:360,54,0,0
BRDA:360,54,1,0
BRDA:370,55,0,0
BRDA:370,55,1,0
BRDA:375,56,0,0
BRDA:375,56,1,0
BRDA:379,57,0,0
BRDA:379,57,1,0
BRDA:365,58,0,0
BRDA:365,58,1,0
BRDA:394,59,0,0
BRDA:394,59,1,0
BRDA:414,60,0,0
BRDA:414,60,1,0
BRDA:422,61,0,0
BRDA:422,61,1,0
BRDA:427,62,0,0
BRDA:427,62,1,0
BRDA:429,63,0,0
BRDA:429,63,1,0
BRDA:452,64,0,0
BRDA:452,64,1,0
BRDA:460,65,0,0
BRDA:460,65,1,0
BRDA:465,66,0,0
BRDA:465,66,1,0
BRDA:467,67,0,0
BRDA:467,67,1,0
BRDA:489,68,0,0
BRDA:489,68,1,0
BRDA:497,69,0,0
BRDA:497,69,1,0
BRDA:502,70,0,0
BRDA:502,70,1,0
BRDA:504,71,0,0
BRDA:504,71,1,0
BRF:147
BRH:0
end_of_record
